[0.010s] Invoking command in '/home/mathias/movo_ws/build/movo_base': /usr/bin/cmake /home/mathias/movo_ws/src/movo_base -DCMAKE_INSTALL_PREFIX=/home/mathias/movo_ws/install/movo_base
[0.025s] -- Found ament_cmake: 1.3.11 (/opt/ros/humble/share/ament_cmake/cmake)
[0.141s] -- Found ament_lint_auto: 0.12.11 (/opt/ros/humble/share/ament_lint_auto/cmake)
[0.184s] Error parsing '/home/mathias/movo_ws/src/movo_base/package.xml':
[0.219s] Traceback (most recent call last):
[0.219s]   File "/opt/ros/humble/share/ament_cmake_core/cmake/core/package_xml_2_cmake.py", line 150, in <module>
[0.219s]     main()
[0.219s]   File "/opt/ros/humble/share/ament_cmake_core/cmake/core/package_xml_2_cmake.py", line 53, in main
[0.219s]     raise e
[0.220s]   File "/opt/ros/humble/share/ament_cmake_core/cmake/core/package_xml_2_cmake.py", line 49, in main
[0.220s]     package = parse_package_string(
[0.220s]   File "/usr/lib/python3/dist-packages/catkin_pkg/package.py", line 788, in parse_package_string
[0.220s]     pkg.validate(warnings=warnings)
[0.220s]   File "/usr/lib/python3/dist-packages/catkin_pkg/package.py", line 330, in validate
[0.220s]     raise InvalidPackage('\n'.join(errors), self.filename)
[0.220s] catkin_pkg.package.InvalidPackage: Error(s) in package '/home/mathias/movo_ws/src/movo_base/package.xml':
[0.220s] Invalid email "eltopchi1@gmail..com" for person "mathias"
[0.230s] [31mCMake Error at /opt/ros/humble/share/ament_cmake_core/cmake/core/ament_package_xml.cmake:95 (message):
[0.230s]   execute_process(/usr/bin/python3
[0.230s]   /opt/ros/humble/share/ament_cmake_core/cmake/core/package_xml_2_cmake.py
[0.230s]   /home/mathias/movo_ws/src/movo_base/package.xml
[0.231s]   /home/mathias/movo_ws/build/movo_base/ament_cmake_core/package.cmake)
[0.231s]   returned error code 1
[0.231s] Call Stack (most recent call first):
[0.231s]   /opt/ros/humble/share/ament_cmake_core/cmake/core/ament_package_xml.cmake:49 (_ament_package_xml)
[0.231s]   /opt/ros/humble/share/ament_lint_auto/cmake/ament_lint_auto_find_test_dependencies.cmake:31 (ament_package_xml)
[0.231s]   CMakeLists.txt:23 (ament_lint_auto_find_test_dependencies)
[0.231s] 
[0.231s] [0m
[0.231s] -- Configuring incomplete, errors occurred!
[0.231s] See also "/home/mathias/movo_ws/build/movo_base/CMakeFiles/CMakeOutput.log".
[0.235s] Invoked command in '/home/mathias/movo_ws/build/movo_base' returned '1': /usr/bin/cmake /home/mathias/movo_ws/src/movo_base -DCMAKE_INSTALL_PREFIX=/home/mathias/movo_ws/install/movo_base
