[0.010s] Invoking command in '/home/mathias/movo_ws/build/movo_base': CMAKE_PREFIX_PATH=/opt/ros/humble /usr/bin/cmake /home/mathias/movo_ws/src/movo_base -DAMENT_CMAKE_SYMLINK_INSTALL=1 -DCMAKE_INSTALL_PREFIX=/home/mathias/movo_ws/install/movo_base
[0.024s] -- Found ament_cmake: 1.3.11 (/opt/ros/humble/share/ament_cmake/cmake)
[0.124s] -- Override CMake install command with custom implementation using symlinks instead of copying resources
[0.133s] -- Found ament_lint_auto: 0.12.11 (/opt/ros/humble/share/ament_lint_auto/cmake)
[0.203s] -- Added test 'lint_cmake' to check CMake code style
[0.205s] -- Added test 'xmllint' to check XML markup files
[0.206s] -- Configuring done
[0.209s] -- Generating done
[0.212s] -- Build files have been written to: /home/mathias/movo_ws/build/movo_base
[0.215s] Invoked command in '/home/mathias/movo_ws/build/movo_base' returned '0': CMAKE_PREFIX_PATH=/opt/ros/humble /usr/bin/cmake /home/mathias/movo_ws/src/movo_base -DAMENT_CMAKE_SYMLINK_INSTALL=1 -DCMAKE_INSTALL_PREFIX=/home/mathias/movo_ws/install/movo_base
[0.217s] Invoking command in '/home/mathias/movo_ws/build/movo_base': CMAKE_PREFIX_PATH=/opt/ros/humble /usr/bin/cmake --build /home/mathias/movo_ws/build/movo_base -- -j12 -l12
[0.256s] Invoked command in '/home/mathias/movo_ws/build/movo_base' returned '0': CMAKE_PREFIX_PATH=/opt/ros/humble /usr/bin/cmake --build /home/mathias/movo_ws/build/movo_base -- -j12 -l12
[0.267s] Invoking command in '/home/mathias/movo_ws/build/movo_base': CMAKE_PREFIX_PATH=/opt/ros/humble /usr/bin/cmake --install /home/mathias/movo_ws/build/movo_base
[0.276s] -- Install configuration: ""
[0.276s] -- Execute custom install script
[0.277s] -- Symlinking: /home/mathias/movo_ws/install/movo_base/share/ament_index/resource_index/package_run_dependencies/movo_base
[0.285s] -- Symlinking: /home/mathias/movo_ws/install/movo_base/share/ament_index/resource_index/parent_prefix_path/movo_base
[0.293s] -- Symlinking: /home/mathias/movo_ws/install/movo_base/share/movo_base/environment/ament_prefix_path.sh
[0.301s] -- Symlinking: /home/mathias/movo_ws/install/movo_base/share/movo_base/environment/ament_prefix_path.dsv
[0.311s] -- Symlinking: /home/mathias/movo_ws/install/movo_base/share/movo_base/environment/path.sh
[0.319s] -- Symlinking: /home/mathias/movo_ws/install/movo_base/share/movo_base/environment/path.dsv
[0.327s] -- Symlinking: /home/mathias/movo_ws/install/movo_base/share/movo_base/local_setup.bash
[0.335s] -- Symlinking: /home/mathias/movo_ws/install/movo_base/share/movo_base/local_setup.sh
[0.345s] -- Symlinking: /home/mathias/movo_ws/install/movo_base/share/movo_base/local_setup.zsh
[0.354s] -- Symlinking: /home/mathias/movo_ws/install/movo_base/share/movo_base/local_setup.dsv
[0.362s] -- Symlinking: /home/mathias/movo_ws/install/movo_base/share/movo_base/package.dsv
[0.370s] -- Symlinking: /home/mathias/movo_ws/install/movo_base/share/ament_index/resource_index/packages/movo_base
[0.378s] -- Symlinking: /home/mathias/movo_ws/install/movo_base/share/movo_base/cmake/movo_baseConfig.cmake
[0.385s] -- Symlinking: /home/mathias/movo_ws/install/movo_base/share/movo_base/cmake/movo_baseConfig-version.cmake
[0.393s] -- Symlinking: /home/mathias/movo_ws/install/movo_base/share/movo_base/package.xml
[0.404s] Invoked command in '/home/mathias/movo_ws/build/movo_base' returned '0': CMAKE_PREFIX_PATH=/opt/ros/humble /usr/bin/cmake --install /home/mathias/movo_ws/build/movo_base
